<?xml version="1.0" encoding="UTF-8"?>
<!-- Generated by org.testng.reporters.JUnitReportReporter -->
<testsuite name="com.qmetry.qaf.automation.step.client.Scenario" tests="1" time="0.008" ignored="0" failures="0" timestamp="06 Mar 2018 12:36:34 GMT" skipped="0" hostname="ICPL11528" errors="0">
  <testcase name="SampleTest" time="0.008" classname="com.qmetry.qaf.automation.step.client.Scenario"/>
</testsuite> <!-- com.qmetry.qaf.automation.step.client.Scenario -->
