<?xml version="1.0" encoding="UTF-8"?>
<!-- Generated by org.testng.reporters.JUnitReportReporter -->
<testsuite name="com.flipkart.tests.TestPage" tests="1" time="80.247" ignored="0" failures="0" timestamp="06 Mar 2018 13:46:07 GMT" skipped="0" hostname="ICPL11528" errors="0">
  <testcase name="addCartTest" time="80.247" classname="com.flipkart.tests.TestPage"/>
</testsuite> <!-- com.flipkart.tests.TestPage -->
